\BOOKMARK [1][-]{section.1}{Verschiebe Puzzle A*-Algorithmus}{}% 1
\BOOKMARK [2][-]{subsection.1.1}{L\366sungsidee}{section.1}% 2
\BOOKMARK [3][-]{subsubsection.1.1.1}{Maven Projekt}{subsection.1.1}% 3
\BOOKMARK [3][-]{subsubsection.1.1.2}{JUnit Tests}{subsection.1.1}% 4
\BOOKMARK [2][-]{subsection.1.2}{A*-Algorithmus}{section.1}% 5
\BOOKMARK [2][-]{subsection.1.3}{Project Konfigurationen}{section.1}% 6
\BOOKMARK [3][-]{subsubsection.1.3.1}{pom.xml}{subsection.1.3}% 7
\BOOKMARK [3][-]{subsubsection.1.3.2}{log4j.properties}{subsection.1.3}% 8
\BOOKMARK [2][-]{subsection.1.4}{JUnit Testsuite Source}{section.1}% 9
\BOOKMARK [3][-]{subsubsection.1.4.1}{AbstractLoggerWatcher.java}{subsection.1.4}% 10
\BOOKMARK [3][-]{subsubsection.1.4.2}{LoggingTestClassWatcher.java}{subsection.1.4}% 11
\BOOKMARK [3][-]{subsubsection.1.4.3}{LoggingTestInvocationWatcher.java}{subsection.1.4}% 12
\BOOKMARK [2][-]{subsection.1.5}{N-Puzzle Source}{section.1}% 13
\BOOKMARK [3][-]{subsubsection.1.5.1}{BoardListImpl.java}{subsection.1.5}% 14
\BOOKMARK [3][-]{subsubsection.1.5.2}{BoardImpl.java}{subsection.1.5}% 15
\BOOKMARK [3][-]{subsubsection.1.5.3}{SlidingPuzzle.java}{subsection.1.5}% 16
\BOOKMARK [3][-]{subsubsection.1.5.4}{Position.java}{subsection.1.5}% 17
\BOOKMARK [3][-]{subsubsection.1.5.5}{SearchNode.java}{subsection.1.5}% 18
\BOOKMARK [2][-]{subsection.1.6}{N-Puzzle Exception Source}{section.1}% 19
\BOOKMARK [3][-]{subsubsection.1.6.1}{InvalidBoardIndexException.java}{subsection.1.6}% 20
\BOOKMARK [3][-]{subsubsection.1.6.2}{InvalidMoveException.java}{subsection.1.6}% 21
\BOOKMARK [3][-]{subsubsection.1.6.3}{NoSolutionExcption.java}{subsection.1.6}% 22
\BOOKMARK [2][-]{subsection.1.7}{N-Puzzle Test Source}{section.1}% 23
\BOOKMARK [3][-]{subsubsection.1.7.1}{AbstractTest.java}{subsection.1.7}% 24
\BOOKMARK [3][-]{subsubsection.1.7.2}{CalculateParityTest.java}{subsection.1.7}% 25
\BOOKMARK [3][-]{subsubsection.1.7.3}{ConstructorTest.java}{subsection.1.7}% 26
\BOOKMARK [3][-]{subsubsection.1.7.4}{EqualsTest.java}{subsection.1.7}% 27
\BOOKMARK [3][-]{subsubsection.1.7.5}{GetEmptyTilePositionTest.java}{subsection.1.7}% 28
\BOOKMARK [3][-]{subsubsection.1.7.6}{GetTilePositionTest.java}{subsection.1.7}% 29
\BOOKMARK [3][-]{subsubsection.1.7.7}{GetTileTest.java}{subsection.1.7}% 30
\BOOKMARK [3][-]{subsubsection.1.7.8}{IsValidTest.java}{subsection.1.7}% 31
\BOOKMARK [3][-]{subsubsection.1.7.9}{MakeMovesTest.java}{subsection.1.7}% 32
\BOOKMARK [3][-]{subsubsection.1.7.10}{MoveDownTest.java}{subsection.1.7}% 33
\BOOKMARK [3][-]{subsubsection.1.7.11}{MoveUpTest.java}{subsection.1.7}% 34
\BOOKMARK [3][-]{subsubsection.1.7.12}{MoveLeftTest.java}{subsection.1.7}% 35
\BOOKMARK [3][-]{subsubsection.1.7.13}{MoveRightTest.java}{subsection.1.7}% 36
\BOOKMARK [3][-]{subsubsection.1.7.14}{SetTileTest.java}{subsection.1.7}% 37
\BOOKMARK [3][-]{subsubsection.1.7.15}{ConstructorTest.java}{subsection.1.7}% 38
\BOOKMARK [3][-]{subsubsection.1.7.16}{ComparableTest.java}{subsection.1.7}% 39
\BOOKMARK [3][-]{subsubsection.1.7.17}{EqualsTest.java}{subsection.1.7}% 40
\BOOKMARK [3][-]{subsubsection.1.7.18}{EstimatedCostsToTargetTest.java}{subsection.1.7}% 41
\BOOKMARK [3][-]{subsubsection.1.7.19}{IteratorTest.java}{subsection.1.7}% 42
\BOOKMARK [3][-]{subsubsection.1.7.20}{FHProvidedTest.java}{subsection.1.7}% 43
\BOOKMARK [3][-]{subsubsection.1.7.21}{SolveIntegerTest.java}{subsection.1.7}% 44
\BOOKMARK [3][-]{subsubsection.1.7.22}{SolveCharacterTest.java}{subsection.1.7}% 45
\BOOKMARK [2][-]{subsection.1.8}{Tests}{section.1}% 46
