\BOOKMARK [1][-]{section.1}{Bin\344re Suchb\344ume}{}% 1
\BOOKMARK [2][-]{subsection.1.1}{L\366sungsidee}{section.1}% 2
\BOOKMARK [2][-]{subsection.1.2}{Source-Code\(Implementation\)}{section.1}% 3
\BOOKMARK [3][-]{subsubsection.1.2.1}{SortedSet.java}{subsection.1.2}% 4
\BOOKMARK [3][-]{subsubsection.1.2.2}{SortedTreeSet.java}{subsection.1.2}% 5
\BOOKMARK [3][-]{subsubsection.1.2.3}{Node.java}{subsection.1.2}% 6
\BOOKMARK [3][-]{subsubsection.1.2.4}{AbstractSortedSet.java}{subsection.1.2}% 7
\BOOKMARK [3][-]{subsubsection.1.2.5}{NullSafeComparableComparator.java}{subsection.1.2}% 8
\BOOKMARK [3][-]{subsubsection.1.2.6}{EnumerationConstants.java}{subsection.1.2}% 9
\BOOKMARK [3][-]{subsubsection.1.2.7}{BinaryTreeNode.java}{subsection.1.2}% 10
\BOOKMARK [3][-]{subsubsection.1.2.8}{NMKTreeNode.java}{subsection.1.2}% 11
\BOOKMARK [3][-]{subsubsection.1.2.9}{BinarySearchTreeSet.java}{subsection.1.2}% 12
\BOOKMARK [3][-]{subsubsection.1.2.10}{TwoThreeFourTreeSet.java}{subsection.1.2}% 13
\BOOKMARK [3][-]{subsubsection.1.2.11}{NMKTreeIterator.java}{subsection.1.2}% 14
\BOOKMARK [2][-]{subsection.1.3}{Source-Code\(Tests\)}{section.1}% 15
\BOOKMARK [3][-]{subsubsection.1.3.1}{BinarySearchTreeTestDataProducer.java}{subsection.1.3}% 16
\BOOKMARK [3][-]{subsubsection.1.3.2}{IteratorValidTest.java}{subsection.1.3}% 17
\BOOKMARK [3][-]{subsubsection.1.3.3}{AddTest.java}{subsection.1.3}% 18
\BOOKMARK [3][-]{subsubsection.1.3.4}{IteratorTest.java}{subsection.1.3}% 19
\BOOKMARK [3][-]{subsubsection.1.3.5}{SortedTreeSetTest.java}{subsection.1.3}% 20
\BOOKMARK [3][-]{subsubsection.1.3.6}{TwoThreeFourTreeSetDataProducer.java}{subsection.1.3}% 21
\BOOKMARK [3][-]{subsubsection.1.3.7}{IteratorValidTest.java}{subsection.1.3}% 22
\BOOKMARK [3][-]{subsubsection.1.3.8}{AddTest.java}{subsection.1.3}% 23
\BOOKMARK [3][-]{subsubsection.1.3.9}{IteratorTest.java}{subsection.1.3}% 24
\BOOKMARK [2][-]{subsection.1.4}{Tests}{section.1}% 25
