This is pdfTeX, Version 3.1415926-2.5-1.40.14 (MiKTeX 2.9) (preloaded format=pdflatex 2015.4.20)  21 APR 2015 22:57
entering extended mode
**Documentation.tex

("C:\Users\cchet\Documents\Git Repositories\Github\FH-Hagenberg\Java\Semester 4
\20150425_hands_on_3\eclipse\HammingList\doc\Documentation.tex"
LaTeX2e <2011/06/27>
Babel <v3.8m> and hyphenation patterns for english, afrikaans, ancientgreek, ar
abic, armenian, assamese, basque, bengali, bokmal, bulgarian, catalan, coptic, 
croatian, czech, danish, dutch, esperanto, estonian, farsi, finnish, french, ga
lician, german, german-x-2013-05-26, greek, gujarati, hindi, hungarian, iceland
ic, indonesian, interlingua, irish, italian, kannada, kurmanji, latin, latvian,
 lithuanian, malayalam, marathi, mongolian, mongolianlmc, monogreek, ngerman, n
german-x-2013-05-26, nynorsk, oriya, panjabi, pinyin, polish, portuguese, roman
ian, russian, sanskrit, serbian, slovak, slovenian, spanish, swedish, swissgerm
an, tamil, telugu, turkish, turkmen, ukenglish, ukrainian, uppersorbian, usengl
ishmax, welsh, loaded.
("C:\Program Files (x86)\MiKTeX 2.9\tex\latex\base\article.cls"
Document Class: article 2007/10/19 v1.4h Standard LaTeX document class
("C:\Program Files (x86)\MiKTeX 2.9\tex\latex\base\size11.clo"
File: size11.clo 2007/10/19 v1.4h Standard LaTeX file (size option)
)
\c@part=\count79
\c@section=\count80
\c@subsection=\count81
\c@subsubsection=\count82
\c@paragraph=\count83
\c@subparagraph=\count84
\c@figure=\count85
\c@table=\count86
\abovecaptionskip=\skip41
\belowcaptionskip=\skip42
\bibindent=\dimen102
)
("C:\Program Files (x86)\MiKTeX 2.9\tex\latex\geometry\geometry.sty"
Package: geometry 2010/09/12 v5.6 Page Geometry

("C:\Program Files (x86)\MiKTeX 2.9\tex\latex\graphics\keyval.sty"
Package: keyval 1999/03/16 v1.13 key=value parser (DPC)
\KV@toks@=\toks14
)
("C:\Program Files (x86)\MiKTeX 2.9\tex\generic\oberdiek\ifpdf.sty"
Package: ifpdf 2011/01/30 v2.3 Provides the ifpdf switch (HO)
Package ifpdf Info: pdfTeX in PDF mode is detected.
)
("C:\Program Files (x86)\MiKTeX 2.9\tex\generic\oberdiek\ifvtex.sty"
Package: ifvtex 2010/03/01 v1.5 Detect VTeX and its facilities (HO)
Package ifvtex Info: VTeX not detected.
)
("C:\Program Files (x86)\MiKTeX 2.9\tex\generic\ifxetex\ifxetex.sty"
Package: ifxetex 2010/09/12 v0.6 Provides ifxetex conditional
)
\Gm@cnth=\count87
\Gm@cntv=\count88
\c@Gm@tempcnt=\count89
\Gm@bindingoffset=\dimen103
\Gm@wd@mp=\dimen104
\Gm@odd@mp=\dimen105
\Gm@even@mp=\dimen106
\Gm@layoutwidth=\dimen107
\Gm@layoutheight=\dimen108
\Gm@layouthoffset=\dimen109
\Gm@layoutvoffset=\dimen110
\Gm@dimlist=\toks15

("C:\Program Files (x86)\MiKTeX 2.9\tex\latex\geometry\geometry.cfg"))
(C:\Users\cchet\AppData\Roaming\MiKTeX\2.9\tex\latex\pdfpages\pdfpages.sty
Package: pdfpages 2013/08/25 v0.4v Insert pages of external PDF documents (AM)

("C:\Program Files (x86)\MiKTeX 2.9\tex\latex\base\ifthen.sty"
Package: ifthen 2001/05/26 v1.1c Standard LaTeX ifthen package (DPC)
)
("C:\Program Files (x86)\MiKTeX 2.9\tex\latex\tools\calc.sty"
Package: calc 2007/08/22 v4.3 Infix arithmetic (KKT,FJ)
\calc@Acount=\count90
\calc@Bcount=\count91
\calc@Adimen=\dimen111
\calc@Bdimen=\dimen112
\calc@Askip=\skip43
\calc@Bskip=\skip44
LaTeX Info: Redefining \setlength on input line 76.
LaTeX Info: Redefining \addtolength on input line 77.
\calc@Ccount=\count92
\calc@Cskip=\skip45
)
(C:\Users\cchet\AppData\Roaming\MiKTeX\2.9\tex\latex\eso-pic\eso-pic.sty
Package: eso-pic 2013/10/06 v2.0d eso-pic (RN)

("C:\Program Files (x86)\MiKTeX 2.9\tex\generic\oberdiek\atbegshi.sty"
Package: atbegshi 2011/10/05 v1.16 At begin shipout hook (HO)

("C:\Program Files (x86)\MiKTeX 2.9\tex\generic\oberdiek\infwarerr.sty"
Package: infwarerr 2010/04/08 v1.3 Providing info/warning/error messages (HO)
)
("C:\Program Files (x86)\MiKTeX 2.9\tex\generic\oberdiek\ltxcmds.sty"
Package: ltxcmds 2011/11/09 v1.22 LaTeX kernel commands for general use (HO)
))
(C:\Users\cchet\AppData\Roaming\MiKTeX\2.9\tex\latex\xcolor\xcolor.sty
Package: xcolor 2007/01/21 v2.11 LaTeX color extensions (UK)

("C:\Program Files (x86)\MiKTeX 2.9\tex\latex\00miktex\color.cfg"
File: color.cfg 2007/01/18 v1.5 color configuration of teTeX/TeXLive
)
Package xcolor Info: Driver file: pdftex.def on input line 225.

("C:\Program Files (x86)\MiKTeX 2.9\tex\latex\pdftex-def\pdftex.def"
File: pdftex.def 2011/05/27 v0.06d Graphics/color for pdfTeX
\Gread@gobject=\count93
)
Package xcolor Info: Model `cmy' substituted by `cmy0' on input line 1337.
Package xcolor Info: Model `hsb' substituted by `rgb' on input line 1341.
Package xcolor Info: Model `RGB' extended on input line 1353.
Package xcolor Info: Model `HTML' substituted by `rgb' on input line 1355.
Package xcolor Info: Model `Hsb' substituted by `hsb' on input line 1356.
Package xcolor Info: Model `tHsb' substituted by `hsb' on input line 1357.
Package xcolor Info: Model `HSB' substituted by `hsb' on input line 1358.
Package xcolor Info: Model `Gray' substituted by `gray' on input line 1359.
Package xcolor Info: Model `wave' substituted by `hsb' on input line 1360.
))
("C:\Program Files (x86)\MiKTeX 2.9\tex\latex\graphics\graphicx.sty"
Package: graphicx 1999/02/16 v1.0f Enhanced LaTeX Graphics (DPC,SPQR)

("C:\Program Files (x86)\MiKTeX 2.9\tex\latex\graphics\graphics.sty"
Package: graphics 2009/02/05 v1.0o Standard LaTeX Graphics (DPC,SPQR)

("C:\Program Files (x86)\MiKTeX 2.9\tex\latex\graphics\trig.sty"
Package: trig 1999/03/16 v1.09 sin cos tan (DPC)
)
("C:\Program Files (x86)\MiKTeX 2.9\tex\latex\00miktex\graphics.cfg"
File: graphics.cfg 2007/01/18 v1.5 graphics configuration of teTeX/TeXLive
)
Package graphics Info: Driver file: pdftex.def on input line 91.
)
\Gin@req@height=\dimen113
\Gin@req@width=\dimen114
)
(C:\Users\cchet\AppData\Roaming\MiKTeX\2.9\tex\latex\pdfpages\pppdftex.def
File: pppdftex.def 2013/08/25 v0.4v Pdfpages driver for pdfTeX (AM)
)
\AM@pagebox=\box26
\AM@toc@title=\toks16
\c@AM@survey=\count94
\AM@templatesizebox=\box27
)
(C:\Users\cchet\AppData\Roaming\MiKTeX\2.9\tex\latex\listings\listings.sty
\lst@mode=\count95
\lst@gtempboxa=\box28
\lst@token=\toks17
\lst@length=\count96
\lst@currlwidth=\dimen115
\lst@column=\count97
\lst@pos=\count98
\lst@lostspace=\dimen116
\lst@width=\dimen117
\lst@newlines=\count99
\lst@lineno=\count100
\lst@maxwidth=\dimen118

(C:\Users\cchet\AppData\Roaming\MiKTeX\2.9\tex\latex\listings\lstmisc.sty
File: lstmisc.sty 2014/09/06 1.5e (Carsten Heinz)
\c@lstnumber=\count101
\lst@skipnumbers=\count102
\lst@framebox=\box29
)
(C:\Users\cchet\AppData\Roaming\MiKTeX\2.9\tex\latex\listings\listings.cfg
File: listings.cfg 2014/09/06 1.5e listings configuration
))
Package: listings 2014/09/06 1.5e (Carsten Heinz)

("C:\Program Files (x86)\MiKTeX 2.9\tex\generic\babel\babel.sty"
Package: babel 2008/07/08 v3.8m The Babel package

*************************************
* Local config file bblopts.cfg used
*
("C:\Program Files (x86)\MiKTeX 2.9\tex\latex\00miktex\bblopts.cfg"
File: bblopts.cfg 2006/07/31 v1.0 MiKTeX 'babel' configuration
)
("C:\Program Files (x86)\MiKTeX 2.9\tex\generic\babel\germanb.ldf"
Language: germanb 2008/06/01 v2.6m German support from the babel system

("C:\Program Files (x86)\MiKTeX 2.9\tex\generic\babel\babel.def"
File: babel.def 2008/07/08 v3.8m Babel common definitions
\babel@savecnt=\count103
\U@D=\dimen119
)
\l@austrian = a dialect from \language\l@german 
Package babel Info: Making " an active character on input line 102.
))
("C:\Program Files (x86)\MiKTeX 2.9\tex\latex\base\inputenc.sty"
Package: inputenc 2008/03/30 v1.1d Input encoding file
\inpenc@prehook=\toks18
\inpenc@posthook=\toks19

("C:\Program Files (x86)\MiKTeX 2.9\tex\latex\base\utf8.def"
File: utf8.def 2008/04/05 v1.1m UTF-8 support for inputenc
Now handling font encoding OML ...
... no UTF-8 mapping file for font encoding OML
Now handling font encoding T1 ...
... processing UTF-8 mapping file for font encoding T1

("C:\Program Files (x86)\MiKTeX 2.9\tex\latex\base\t1enc.dfu"
File: t1enc.dfu 2008/04/05 v1.1m UTF-8 support for inputenc
   defining Unicode char U+00A1 (decimal 161)
   defining Unicode char U+00A3 (decimal 163)
   defining Unicode char U+00AB (decimal 171)
   defining Unicode char U+00BB (decimal 187)
   defining Unicode char U+00BF (decimal 191)
   defining Unicode char U+00C0 (decimal 192)
   defining Unicode char U+00C1 (decimal 193)
   defining Unicode char U+00C2 (decimal 194)
   defining Unicode char U+00C3 (decimal 195)
   defining Unicode char U+00C4 (decimal 196)
   defining Unicode char U+00C5 (decimal 197)
   defining Unicode char U+00C6 (decimal 198)
   defining Unicode char U+00C7 (decimal 199)
   defining Unicode char U+00C8 (decimal 200)
   defining Unicode char U+00C9 (decimal 201)
   defining Unicode char U+00CA (decimal 202)
   defining Unicode char U+00CB (decimal 203)
   defining Unicode char U+00CC (decimal 204)
   defining Unicode char U+00CD (decimal 205)
   defining Unicode char U+00CE (decimal 206)
   defining Unicode char U+00CF (decimal 207)
   defining Unicode char U+00D0 (decimal 208)
   defining Unicode char U+00D1 (decimal 209)
   defining Unicode char U+00D2 (decimal 210)
   defining Unicode char U+00D3 (decimal 211)
   defining Unicode char U+00D4 (decimal 212)
   defining Unicode char U+00D5 (decimal 213)
   defining Unicode char U+00D6 (decimal 214)
   defining Unicode char U+00D8 (decimal 216)
   defining Unicode char U+00D9 (decimal 217)
   defining Unicode char U+00DA (decimal 218)
   defining Unicode char U+00DB (decimal 219)
   defining Unicode char U+00DC (decimal 220)
   defining Unicode char U+00DD (decimal 221)
   defining Unicode char U+00DE (decimal 222)
   defining Unicode char U+00DF (decimal 223)
   defining Unicode char U+00E0 (decimal 224)
   defining Unicode char U+00E1 (decimal 225)
   defining Unicode char U+00E2 (decimal 226)
   defining Unicode char U+00E3 (decimal 227)
   defining Unicode char U+00E4 (decimal 228)
   defining Unicode char U+00E5 (decimal 229)
   defining Unicode char U+00E6 (decimal 230)
   defining Unicode char U+00E7 (decimal 231)
   defining Unicode char U+00E8 (decimal 232)
   defining Unicode char U+00E9 (decimal 233)
   defining Unicode char U+00EA (decimal 234)
   defining Unicode char U+00EB (decimal 235)
   defining Unicode char U+00EC (decimal 236)
   defining Unicode char U+00ED (decimal 237)
   defining Unicode char U+00EE (decimal 238)
   defining Unicode char U+00EF (decimal 239)
   defining Unicode char U+00F0 (decimal 240)
   defining Unicode char U+00F1 (decimal 241)
   defining Unicode char U+00F2 (decimal 242)
   defining Unicode char U+00F3 (decimal 243)
   defining Unicode char U+00F4 (decimal 244)
   defining Unicode char U+00F5 (decimal 245)
   defining Unicode char U+00F6 (decimal 246)
   defining Unicode char U+00F8 (decimal 248)
   defining Unicode char U+00F9 (decimal 249)
   defining Unicode char U+00FA (decimal 250)
   defining Unicode char U+00FB (decimal 251)
   defining Unicode char U+00FC (decimal 252)
   defining Unicode char U+00FD (decimal 253)
   defining Unicode char U+00FE (decimal 254)
   defining Unicode char U+00FF (decimal 255)
   defining Unicode char U+0102 (decimal 258)
   defining Unicode char U+0103 (decimal 259)
   defining Unicode char U+0104 (decimal 260)
   defining Unicode char U+0105 (decimal 261)
   defining Unicode char U+0106 (decimal 262)
   defining Unicode char U+0107 (decimal 263)
   defining Unicode char U+010C (decimal 268)
   defining Unicode char U+010D (decimal 269)
   defining Unicode char U+010E (decimal 270)
   defining Unicode char U+010F (decimal 271)
   defining Unicode char U+0110 (decimal 272)
   defining Unicode char U+0111 (decimal 273)
   defining Unicode char U+0118 (decimal 280)
   defining Unicode char U+0119 (decimal 281)
   defining Unicode char U+011A (decimal 282)
   defining Unicode char U+011B (decimal 283)
   defining Unicode char U+011E (decimal 286)
   defining Unicode char U+011F (decimal 287)
   defining Unicode char U+0130 (decimal 304)
   defining Unicode char U+0131 (decimal 305)
   defining Unicode char U+0132 (decimal 306)
   defining Unicode char U+0133 (decimal 307)
   defining Unicode char U+0139 (decimal 313)
   defining Unicode char U+013A (decimal 314)
   defining Unicode char U+013D (decimal 317)
   defining Unicode char U+013E (decimal 318)
   defining Unicode char U+0141 (decimal 321)
   defining Unicode char U+0142 (decimal 322)
   defining Unicode char U+0143 (decimal 323)
   defining Unicode char U+0144 (decimal 324)
   defining Unicode char U+0147 (decimal 327)
   defining Unicode char U+0148 (decimal 328)
   defining Unicode char U+014A (decimal 330)
   defining Unicode char U+014B (decimal 331)
   defining Unicode char U+0150 (decimal 336)
   defining Unicode char U+0151 (decimal 337)
   defining Unicode char U+0152 (decimal 338)
   defining Unicode char U+0153 (decimal 339)
   defining Unicode char U+0154 (decimal 340)
   defining Unicode char U+0155 (decimal 341)
   defining Unicode char U+0158 (decimal 344)
   defining Unicode char U+0159 (decimal 345)
   defining Unicode char U+015A (decimal 346)
   defining Unicode char U+015B (decimal 347)
   defining Unicode char U+015E (decimal 350)
   defining Unicode char U+015F (decimal 351)
   defining Unicode char U+0160 (decimal 352)
   defining Unicode char U+0161 (decimal 353)
   defining Unicode char U+0162 (decimal 354)
   defining Unicode char U+0163 (decimal 355)
   defining Unicode char U+0164 (decimal 356)
   defining Unicode char U+0165 (decimal 357)
   defining Unicode char U+016E (decimal 366)
   defining Unicode char U+016F (decimal 367)
   defining Unicode char U+0170 (decimal 368)
   defining Unicode char U+0171 (decimal 369)
   defining Unicode char U+0178 (decimal 376)
   defining Unicode char U+0179 (decimal 377)
   defining Unicode char U+017A (decimal 378)
   defining Unicode char U+017B (decimal 379)
   defining Unicode char U+017C (decimal 380)
   defining Unicode char U+017D (decimal 381)
   defining Unicode char U+017E (decimal 382)
   defining Unicode char U+200C (decimal 8204)
   defining Unicode char U+2013 (decimal 8211)
   defining Unicode char U+2014 (decimal 8212)
   defining Unicode char U+2018 (decimal 8216)
   defining Unicode char U+2019 (decimal 8217)
   defining Unicode char U+201A (decimal 8218)
   defining Unicode char U+201C (decimal 8220)
   defining Unicode char U+201D (decimal 8221)
   defining Unicode char U+201E (decimal 8222)
   defining Unicode char U+2030 (decimal 8240)
   defining Unicode char U+2031 (decimal 8241)
   defining Unicode char U+2039 (decimal 8249)
   defining Unicode char U+203A (decimal 8250)
   defining Unicode char U+2423 (decimal 9251)
)
Now handling font encoding OT1 ...
... processing UTF-8 mapping file for font encoding OT1

("C:\Program Files (x86)\MiKTeX 2.9\tex\latex\base\ot1enc.dfu"
File: ot1enc.dfu 2008/04/05 v1.1m UTF-8 support for inputenc
   defining Unicode char U+00A1 (decimal 161)
   defining Unicode char U+00A3 (decimal 163)
   defining Unicode char U+00B8 (decimal 184)
   defining Unicode char U+00BF (decimal 191)
   defining Unicode char U+00C5 (decimal 197)
   defining Unicode char U+00C6 (decimal 198)
   defining Unicode char U+00D8 (decimal 216)
   defining Unicode char U+00DF (decimal 223)
   defining Unicode char U+00E6 (decimal 230)
   defining Unicode char U+00EC (decimal 236)
   defining Unicode char U+00ED (decimal 237)
   defining Unicode char U+00EE (decimal 238)
   defining Unicode char U+00EF (decimal 239)
   defining Unicode char U+00F8 (decimal 248)
   defining Unicode char U+0131 (decimal 305)
   defining Unicode char U+0141 (decimal 321)
   defining Unicode char U+0142 (decimal 322)
   defining Unicode char U+0152 (decimal 338)
   defining Unicode char U+0153 (decimal 339)
   defining Unicode char U+2013 (decimal 8211)
   defining Unicode char U+2014 (decimal 8212)
   defining Unicode char U+2018 (decimal 8216)
   defining Unicode char U+2019 (decimal 8217)
   defining Unicode char U+201C (decimal 8220)
   defining Unicode char U+201D (decimal 8221)
)
Now handling font encoding OMS ...
... processing UTF-8 mapping file for font encoding OMS

("C:\Program Files (x86)\MiKTeX 2.9\tex\latex\base\omsenc.dfu"
File: omsenc.dfu 2008/04/05 v1.1m UTF-8 support for inputenc
   defining Unicode char U+00A7 (decimal 167)
   defining Unicode char U+00B6 (decimal 182)
   defining Unicode char U+00B7 (decimal 183)
   defining Unicode char U+2020 (decimal 8224)
   defining Unicode char U+2021 (decimal 8225)
   defining Unicode char U+2022 (decimal 8226)
)
Now handling font encoding OMX ...
... no UTF-8 mapping file for font encoding OMX
Now handling font encoding U ...
... no UTF-8 mapping file for font encoding U
   defining Unicode char U+00A9 (decimal 169)
   defining Unicode char U+00AA (decimal 170)
   defining Unicode char U+00AE (decimal 174)
   defining Unicode char U+00BA (decimal 186)
   defining Unicode char U+02C6 (decimal 710)
   defining Unicode char U+02DC (decimal 732)
   defining Unicode char U+200C (decimal 8204)
   defining Unicode char U+2026 (decimal 8230)
   defining Unicode char U+2122 (decimal 8482)
   defining Unicode char U+2423 (decimal 9251)
))
(C:\Users\cchet\AppData\Roaming\MiKTeX\2.9\tex\latex\titlesec\titlesec.sty
Package: titlesec 2011/12/15 v2.10.0 Sectioning titles
\ttl@box=\box30
\beforetitleunit=\skip46
\aftertitleunit=\skip47
\ttl@plus=\dimen120
\ttl@minus=\dimen121
\ttl@toksa=\toks20
\titlewidth=\dimen122
\titlewidthlast=\dimen123
\titlewidthfirst=\dimen124
)
(C:\Users\cchet\AppData\Roaming\MiKTeX\2.9\tex\latex\fancyhdr\fancyhdr.sty
\fancy@headwidth=\skip48
\f@ncyO@elh=\skip49
\f@ncyO@erh=\skip50
\f@ncyO@olh=\skip51
\f@ncyO@orh=\skip52
\f@ncyO@elf=\skip53
\f@ncyO@erf=\skip54
\f@ncyO@olf=\skip55
\f@ncyO@orf=\skip56
)
(C:\Users\cchet\AppData\Roaming\MiKTeX\2.9\tex\latex\lastpage\lastpage.sty
Package: lastpage 2013/01/28 v1.2l Refers to last page's name (HMM; JPG)
)
("C:\Program Files (x86)\MiKTeX 2.9\tex\latex\hyperref\hyperref.sty"
Package: hyperref 2012/11/06 v6.83m Hypertext links for LaTeX

("C:\Program Files (x86)\MiKTeX 2.9\tex\generic\oberdiek\hobsub-hyperref.sty"
Package: hobsub-hyperref 2012/04/25 v1.12 Bundle oberdiek, subset hyperref (HO)


("C:\Program Files (x86)\MiKTeX 2.9\tex\generic\oberdiek\hobsub-generic.sty"
Package: hobsub-generic 2012/04/25 v1.12 Bundle oberdiek, subset generic (HO)
Package: hobsub 2012/04/25 v1.12 Construct package bundles (HO)
Package hobsub Info: Skipping package `infwarerr' (already loaded).
Package hobsub Info: Skipping package `ltxcmds' (already loaded).
Package: ifluatex 2010/03/01 v1.3 Provides the ifluatex switch (HO)
Package ifluatex Info: LuaTeX not detected.
Package hobsub Info: Skipping package `ifvtex' (already loaded).
Package: intcalc 2007/09/27 v1.1 Expandable calculations with integers (HO)
Package hobsub Info: Skipping package `ifpdf' (already loaded).
Package: etexcmds 2011/02/16 v1.5 Avoid name clashes with e-TeX commands (HO)
Package etexcmds Info: Could not find \expanded.
(etexcmds)             That can mean that you are not using pdfTeX 1.50 or
(etexcmds)             that some package has redefined \expanded.
(etexcmds)             In the latter case, load this package earlier.
Package: kvsetkeys 2012/04/25 v1.16 Key value parser (HO)
Package: kvdefinekeys 2011/04/07 v1.3 Define keys (HO)
Package: pdftexcmds 2011/11/29 v0.20 Utility functions of pdfTeX for LuaTeX (HO
)
Package pdftexcmds Info: LuaTeX not detected.
Package pdftexcmds Info: \pdf@primitive is available.
Package pdftexcmds Info: \pdf@ifprimitive is available.
Package pdftexcmds Info: \pdfdraftmode found.
Package: pdfescape 2011/11/25 v1.13 Implements pdfTeX's escape features (HO)
Package: bigintcalc 2012/04/08 v1.3 Expandable calculations on big integers (HO
)
Package: bitset 2011/01/30 v1.1 Handle bit-vector datatype (HO)
Package: uniquecounter 2011/01/30 v1.2 Provide unlimited unique counter (HO)
)
Package hobsub Info: Skipping package `hobsub' (already loaded).
Package: letltxmacro 2010/09/02 v1.4 Let assignment for LaTeX macros (HO)
Package: hopatch 2011/06/24 v1.1 Wrapper for package hooks (HO)
Package: xcolor-patch 2011/01/30 xcolor patch
Package: atveryend 2011/06/30 v1.8 Hooks at the very end of document (HO)
Package atveryend Info: \enddocument detected (standard20110627).
Package hobsub Info: Skipping package `atbegshi' (already loaded).
Package: refcount 2011/10/16 v3.4 Data extraction from label references (HO)
Package: hycolor 2011/01/30 v1.7 Color options for hyperref/bookmark (HO)
)
("C:\Program Files (x86)\MiKTeX 2.9\tex\latex\oberdiek\auxhook.sty"
Package: auxhook 2011/03/04 v1.3 Hooks for auxiliary files (HO)
)
("C:\Program Files (x86)\MiKTeX 2.9\tex\latex\oberdiek\kvoptions.sty"
Package: kvoptions 2011/06/30 v3.11 Key value format for package options (HO)
)
\@linkdim=\dimen125
\Hy@linkcounter=\count104
\Hy@pagecounter=\count105

("C:\Program Files (x86)\MiKTeX 2.9\tex\latex\hyperref\pd1enc.def"
File: pd1enc.def 2012/11/06 v6.83m Hyperref: PDFDocEncoding definition (HO)
Now handling font encoding PD1 ...
... no UTF-8 mapping file for font encoding PD1
)
\Hy@SavedSpaceFactor=\count106

("C:\Program Files (x86)\MiKTeX 2.9\tex\latex\00miktex\hyperref.cfg"
File: hyperref.cfg 2002/06/06 v1.2 hyperref configuration of TeXLive
)
Package hyperref Info: Hyper figures OFF on input line 4443.
Package hyperref Info: Link nesting OFF on input line 4448.
Package hyperref Info: Hyper index ON on input line 4451.
Package hyperref Info: Plain pages OFF on input line 4458.
Package hyperref Info: Backreferencing OFF on input line 4463.
Package hyperref Info: Implicit mode ON; LaTeX internals redefined.
Package hyperref Info: Bookmarks ON on input line 4688.
\c@Hy@tempcnt=\count107

(C:\Users\cchet\AppData\Roaming\MiKTeX\2.9\tex\latex\url\url.sty
\Urlmuskip=\muskip10
Package: url 2013/09/16  ver 3.4  Verb mode for urls, etc.
)
LaTeX Info: Redefining \url on input line 5041.
\XeTeXLinkMargin=\dimen126
\Fld@menulength=\count108
\Field@Width=\dimen127
\Fld@charsize=\dimen128
Package hyperref Info: Hyper figures OFF on input line 6295.
Package hyperref Info: Link nesting OFF on input line 6300.
Package hyperref Info: Hyper index ON on input line 6303.
Package hyperref Info: backreferencing OFF on input line 6310.
Package hyperref Info: Link coloring OFF on input line 6315.
Package hyperref Info: Link coloring with OCG OFF on input line 6320.
Package hyperref Info: PDF/A mode OFF on input line 6325.
LaTeX Info: Redefining \ref on input line 6365.
LaTeX Info: Redefining \pageref on input line 6369.
\Hy@abspage=\count109
\c@Item=\count110
\c@Hfootnote=\count111
)

Package hyperref Message: Driver (autodetected): hpdftex.

("C:\Program Files (x86)\MiKTeX 2.9\tex\latex\hyperref\hpdftex.def"
File: hpdftex.def 2012/11/06 v6.83m Hyperref driver for pdfTeX
\Fld@listcount=\count112
\c@bookmark@seq@number=\count113

("C:\Program Files (x86)\MiKTeX 2.9\tex\latex\oberdiek\rerunfilecheck.sty"
Package: rerunfilecheck 2011/04/15 v1.7 Rerun checks for auxiliary files (HO)
Package uniquecounter Info: New unique counter `rerunfilecheck' on input line 2
82.
)
\Hy@SectionHShift=\skip57
)

Package geometry Warning: Over-specification in `h'-direction.
    `width' (597.50787pt) is ignored.


Package geometry Warning: Over-specification in `v'-direction.
    `height' (845.04684pt) is ignored.


("C:\Users\cchet\Documents\Git Repositories\Github\FH-Hagenberg\Java\Semester 4
\20150425_hands_on_3\eclipse\HammingList\doc\Documentation.aux")
LaTeX Font Info:    Checking defaults for OML/cmm/m/it on input line 107.
LaTeX Font Info:    ... okay on input line 107.
LaTeX Font Info:    Checking defaults for T1/cmr/m/n on input line 107.
LaTeX Font Info:    ... okay on input line 107.
LaTeX Font Info:    Checking defaults for OT1/cmr/m/n on input line 107.
LaTeX Font Info:    ... okay on input line 107.
LaTeX Font Info:    Checking defaults for OMS/cmsy/m/n on input line 107.
LaTeX Font Info:    ... okay on input line 107.
LaTeX Font Info:    Checking defaults for OMX/cmex/m/n on input line 107.
LaTeX Font Info:    ... okay on input line 107.
LaTeX Font Info:    Checking defaults for U/cmr/m/n on input line 107.
LaTeX Font Info:    ... okay on input line 107.
LaTeX Font Info:    Checking defaults for PD1/pdf/m/n on input line 107.
LaTeX Font Info:    ... okay on input line 107.

*geometry* driver: auto-detecting
*geometry* detected driver: pdftex
*geometry* verbose mode - [ preamble ] result:
* driver: pdftex
* paper: a4paper
* layout: <same size as paper>
* layoutoffset:(h,v)=(0.0pt,0.0pt)
* modes: twoside 
* h-part:(L,W,R)=(56.9055pt, 483.69687pt, 56.9055pt)
* v-part:(T,H,B)=(56.9055pt, 702.78308pt, 85.35826pt)
* \paperwidth=597.50787pt
* \paperheight=845.04684pt
* \textwidth=483.69687pt
* \textheight=702.78308pt
* \oddsidemargin=-15.36449pt
* \evensidemargin=-15.36449pt
* \topmargin=-52.36449pt
* \headheight=12.0pt
* \headsep=25.0pt
* \topskip=11.0pt
* \footskip=30.0pt
* \marginparwidth=103.0pt
* \marginparsep=10.0pt
* \columnsep=10.0pt
* \skip\footins=10.0pt plus 4.0pt minus 2.0pt
* \hoffset=0.0pt
* \voffset=0.0pt
* \mag=1000
* \@twocolumnfalse
* \@twosidetrue
* \@mparswitchtrue
* \@reversemarginfalse
* (1in=72.27pt=25.4mm, 1cm=28.453pt)

\AtBeginShipoutBox=\box31
(C:\Users\cchet\AppData\Roaming\MiKTeX\2.9\tex\context\base\supp-pdf.mkii
[Loading MPS to PDF converter (version 2006.09.02).]
\scratchcounter=\count114
\scratchdimen=\dimen129
\scratchbox=\box32
\nofMPsegments=\count115
\nofMParguments=\count116
\everyMPshowfont=\toks21
\MPscratchCnt=\count117
\MPscratchDim=\dimen130
\MPnumerator=\count118
\makeMPintoPDFobject=\count119
\everyMPtoPDFconversion=\toks22
)
\c@lstlisting=\count120
Package lastpage Info: Please have a look at the pageslts package at
(lastpage)             http://www.ctan.org/tex-archive/ 
(lastpage)             macros/latex/contrib/pageslts/ 
(lastpage)             or
(lastpage)             http://www.ctan.org/tex-archive/ 
(lastpage)             install/macros/latex/contrib/pageslts.tds.zip
(lastpage)             ! on input line 107.
Package hyperref Info: Link coloring OFF on input line 107.
 ("C:\Program Files (x86)\MiKTeX 2.9\tex\latex\hyperref\nameref.sty"
Package: nameref 2012/10/27 v2.43 Cross-referencing by name of section

("C:\Program Files (x86)\MiKTeX 2.9\tex\generic\oberdiek\gettitlestring.sty"
Package: gettitlestring 2010/12/03 v1.4 Cleanup title references (HO)
)
\c@section@level=\count121
)
LaTeX Info: Redefining \ref on input line 107.
LaTeX Info: Redefining \pageref on input line 107.
LaTeX Info: Redefining \nameref on input line 107.

("C:\Users\cchet\Documents\Git Repositories\Github\FH-Hagenberg\Java\Semester 4
\20150425_hands_on_3\eclipse\HammingList\doc\Documentation.out")
("C:\Users\cchet\Documents\Git Repositories\Github\FH-Hagenberg\Java\Semester 4
\20150425_hands_on_3\eclipse\HammingList\doc\Documentation.out")
\@outlinefile=\write3


pdfTeX warning: pdflatex (file C:/Users/cchet/Documents/Git Repositories/Github
/FH-Hagenberg/Java/Semester 4/20150425_hands_on_3/eclipse/HammingList/doc/Java_
1.pdf): PDF inclusion: found PDF version <1.6>, but at most version <1.5> allow
ed
<Java_1.pdf, id=67, 597.19112pt x 845.19763pt>
File: Java_1.pdf Graphic file (type pdf)
 <use Java_1.pdf>
Package pdftex.def Info: Java_1.pdf used on input line 112.
(pdftex.def)             Requested size: 597.18967pt x 845.19557pt.


pdfTeX warning: pdflatex (file C:/Users/cchet/Documents/Git Repositories/Github
/FH-Hagenberg/Java/Semester 4/20150425_hands_on_3/eclipse/HammingList/doc/Java_
1.pdf): PDF inclusion: found PDF version <1.6>, but at most version <1.5> allow
ed
File: Java_1.pdf Graphic file (type pdf)
<use Java_1.pdf>
Package pdftex.def Info: Java_1.pdf used on input line 112.
(pdftex.def)             Requested size: 597.18967pt x 845.19557pt.


pdfTeX warning: pdflatex (file C:/Users/cchet/Documents/Git Repositories/Github
/FH-Hagenberg/Java/Semester 4/20150425_hands_on_3/eclipse/HammingList/doc/Java_
1.pdf): PDF inclusion: found PDF version <1.6>, but at most version <1.5> allow
ed


pdfTeX warning: pdflatex (file C:/Users/cchet/Documents/Git Repositories/Github
/FH-Hagenberg/Java/Semester 4/20150425_hands_on_3/eclipse/HammingList/doc/Java_
1.pdf): PDF inclusion: found PDF version <1.6>, but at most version <1.5> allow
ed
<Java_1.pdf, id=70, page=1, 597.19112pt x 845.19763pt>
File: Java_1.pdf Graphic file (type pdf)

<use Java_1.pdf, page 1>
Package pdftex.def Info: Java_1.pdf, page1 used on input line 112.
(pdftex.def)             Requested size: 597.18967pt x 845.19557pt.
File: Java_1.pdf Graphic file (type pdf)
 <use Java_1.pdf, page 1>
Package pdftex.def Info: Java_1.pdf, page1 used on input line 112.
(pdftex.def)             Requested size: 597.217pt x 845.23425pt.
File: Java_1.pdf Graphic file (type pdf)
 <use Java_1.pdf, page 1>
Package pdftex.def Info: Java_1.pdf, page1 used on input line 112.
(pdftex.def)             Requested size: 597.217pt x 845.23425pt.
File: Java_1.pdf Graphic file (type pdf)

<use Java_1.pdf, page 1>
Package pdftex.def Info: Java_1.pdf, page1 used on input line 112.
(pdftex.def)             Requested size: 597.217pt x 845.23425pt.
File: Java_1.pdf Graphic file (type pdf)
 <use Java_1.pdf, page 1>
Package pdftex.def Info: Java_1.pdf, page1 used on input line 112.
(pdftex.def)             Requested size: 597.217pt x 845.23425pt.
 [1

 <C:/Users/cchet/Documents/Git Repositories/Github/FH-Hagenberg/Java/Semester 4
/20150425_hands_on_3/eclipse/HammingList/doc/Java_1.pdf>]
(C:\Users\cchet\AppData\Roaming\MiKTeX\2.9\tex\latex\listings\lstlang1.sty
File: lstlang1.sty 2014/09/06 1.5e listings language file
)
LaTeX Font Info:    Try loading font information for OMS+cmr on input line 124.


("C:\Program Files (x86)\MiKTeX 2.9\tex\latex\base\omscmr.fd"
File: omscmr.fd 1999/05/25 v2.5h Standard LaTeX font definitions
)
LaTeX Font Info:    Font shape `OMS/cmr/m/n' in size <9> not available
(Font)              Font shape `OMS/cmsy/m/n' tried instead on input line 124.
LaTeX Font Info:    External font `cmex10' loaded for size
(Font)              <10.95> on input line 126.
LaTeX Font Info:    External font `cmex10' loaded for size
(Font)              <8> on input line 126.
LaTeX Font Info:    External font `cmex10' loaded for size
(Font)              <6> on input line 126.

Underfull \hbox (badness 10000) in paragraph at lines 123--131

 []

LaTeX Font Info:    Try loading font information for OML+cmr on input line 132.

("C:\Program Files (x86)\MiKTeX 2.9\tex\latex\base\omlcmr.fd"
File: omlcmr.fd 1999/05/25 v2.5h Standard LaTeX font definitions
)
LaTeX Font Info:    Font shape `OML/cmr/m/n' in size <9> not available
(Font)              Font shape `OML/cmm/m/it' tried instead on input line 132.

<FHO_Logo_Students.jpg, id=124, 569.0058pt x 476.0184pt>
File: FHO_Logo_Students.jpg Graphic file (type jpg)

<use FHO_Logo_Students.jpg>
Package pdftex.def Info: FHO_Logo_Students.jpg used on input line 142.
(pdftex.def)             Requested size: 56.9039pt x 47.60461pt.


Package Fancyhdr Warning: \headheight is too small (42.67912pt): 
 Make it at least 51.68465pt.
 We now make it that large for the rest of the document.
 This may cause the page layout to be inconsistent, however.

[2{C:/Users/cchet/AppData/Local/MiKTeX/2.9/pdftex/config/pdftex.map} <C:/Users/
cchet/Documents/Git Repositories/Github/FH-Hagenberg/Java/Semester 4/20150425_h
ands_on_3/eclipse/HammingList/doc/FHO_Logo_Students.jpg>]
("C:\Users\cchet\Documents\Git Repositories\Github\FH-Hagenberg\Java\Semester 4
\20150425_hands_on_3\eclipse\HammingList\src\main\java\at\fhooe\swe4\lab3\hammi
ng\Hamming.java"
File: FHO_Logo_Students.jpg Graphic file (type jpg)
 <use FHO_Logo_Students.jpg>
Package pdftex.def Info: FHO_Logo_Students.jpg used on input line 60.
(pdftex.def)             Requested size: 56.9039pt x 47.60461pt.


Package Fancyhdr Warning: \headheight is too small (42.67912pt): 
 Make it at least 51.68465pt.
 We now make it that large for the rest of the document.
 This may cause the page layout to be inconsistent, however.

[3])
("C:\Users\cchet\Documents\Git Repositories\Github\FH-Hagenberg\Java\Semester 4
\20150425_hands_on_3\eclipse\HammingList\src\test\java\at\fhooe\swe4\lab3\test\
hamming\HammingTest.java"
LaTeX Font Info:    External font `cmex10' loaded for size
(Font)              <9> on input line 23.
LaTeX Font Info:    External font `cmex10' loaded for size
(Font)              <5> on input line 23.
)
File: FHO_Logo_Students.jpg Graphic file (type jpg)
 <use FHO_Logo_Students.jpg>
Package pdftex.def Info: FHO_Logo_Students.jpg used on input line 153.
(pdftex.def)             Requested size: 56.9039pt x 47.60461pt.


Package Fancyhdr Warning: \headheight is too small (42.67912pt): 
 Make it at least 51.68465pt.
 We now make it that large for the rest of the document.
 This may cause the page layout to be inconsistent, however.

[4] <images/tests_hamming_junit.JPG, id=269, 1095.3422pt x 124.21407pt>
File: images/tests_hamming_junit.JPG Graphic file (type jpg)

<use images/tests_hamming_junit.JPG>
Package pdftex.def Info: images/tests_hamming_junit.JPG used on input line 159.

(pdftex.def)             Requested size: 483.69687pt x 54.85335pt.

<images/tests_hamming_console_1.JPG, id=270, 401.24907pt x 487.06969pt>
File: images/tests_hamming_console_1.JPG Graphic file (type jpg)

<use images/tests_hamming_console_1.JPG>
Package pdftex.def Info: images/tests_hamming_console_1.JPG used on input line 
165.
(pdftex.def)             Requested size: 320.99968pt x 389.65627pt.
File: FHO_Logo_Students.jpg Graphic file (type jpg)
 <use FHO_Logo_Students.jpg>
Package pdftex.def Info: FHO_Logo_Students.jpg used on input line 169.
(pdftex.def)             Requested size: 56.9039pt x 47.60461pt.


Package Fancyhdr Warning: \headheight is too small (42.67912pt): 
 Make it at least 51.68465pt.
 We now make it that large for the rest of the document.
 This may cause the page layout to be inconsistent, however.

[5 <C:/Users/cchet/Documents/Git Repositories/Github/FH-Hagenberg/Java/Semester
 4/20150425_hands_on_3/eclipse/HammingList/doc/images/tests_hamming_junit.JPG> 
<C:/Users/cchet/Documents/Git Repositories/Github/FH-Hagenberg/Java/Semester 4/
20150425_hands_on_3/eclipse/HammingList/doc/images/tests_hamming_console_1.JPG>
] <images/tests_hamming_console_2.JPG, id=278, 401.24907pt x 627.09282pt>
File: images/tests_hamming_console_2.JPG Graphic file (type jpg)

<use images/tests_hamming_console_2.JPG>
Package pdftex.def Info: images/tests_hamming_console_2.JPG used on input line 
172.
(pdftex.def)             Requested size: 320.99968pt x 501.67494pt.
File: FHO_Logo_Students.jpg Graphic file (type jpg)
 <use FHO_Logo_Students.jpg>
Package pdftex.def Info: FHO_Logo_Students.jpg used on input line 176.
(pdftex.def)             Requested size: 56.9039pt x 47.60461pt.


Package Fancyhdr Warning: \headheight is too small (42.67912pt): 
 Make it at least 51.68465pt.
 We now make it that large for the rest of the document.
 This may cause the page layout to be inconsistent, however.

[6 <C:/Users/cchet/Documents/Git Repositories/Github/FH-Hagenberg/Java/Semester
 4/20150425_hands_on_3/eclipse/HammingList/doc/images/tests_hamming_console_2.J
PG>] <images/tests_hamming_console_3.JPG, id=285, 399.74344pt x 619.56468pt>
File: images/tests_hamming_console_3.JPG Graphic file (type jpg)

<use images/tests_hamming_console_3.JPG>
Package pdftex.def Info: images/tests_hamming_console_3.JPG used on input line 
179.
(pdftex.def)             Requested size: 319.79517pt x 495.6524pt.
File: FHO_Logo_Students.jpg Graphic file (type jpg)
 <use FHO_Logo_Students.jpg>
Package pdftex.def Info: FHO_Logo_Students.jpg used on input line 188.
(pdftex.def)             Requested size: 56.9039pt x 47.60461pt.


Package Fancyhdr Warning: \headheight is too small (42.67912pt): 
 Make it at least 51.68465pt.
 We now make it that large for the rest of the document.
 This may cause the page layout to be inconsistent, however.

[7 <C:/Users/cchet/Documents/Git Repositories/Github/FH-Hagenberg/Java/Semester
 4/20150425_hands_on_3/eclipse/HammingList/doc/images/tests_hamming_console_3.J
PG>]
File: FHO_Logo_Students.jpg Graphic file (type jpg)
 <use FHO_Logo_Students.jpg>
Package pdftex.def Info: FHO_Logo_Students.jpg used on input line 197.
(pdftex.def)             Requested size: 56.9039pt x 47.60461pt.


Package Fancyhdr Warning: \headheight is too small (42.67912pt): 
 Make it at least 51.68465pt.
 We now make it that large for the rest of the document.
 This may cause the page layout to be inconsistent, however.

[8]
("C:\Users\cchet\Documents\Git Repositories\Github\FH-Hagenberg\Java\Semester 4
\20150425_hands_on_3\eclipse\HammingList\src\main\java\at\fhooe\swe4\lab3\sort\
api\Sorter.java"
File: FHO_Logo_Students.jpg Graphic file (type jpg)
 <use FHO_Logo_Students.jpg>
Package pdftex.def Info: FHO_Logo_Students.jpg used on input line 59.
(pdftex.def)             Requested size: 56.9039pt x 47.60461pt.


Package Fancyhdr Warning: \headheight is too small (42.67912pt): 
 Make it at least 51.68465pt.
 We now make it that large for the rest of the document.
 This may cause the page layout to be inconsistent, however.

[9])
File: FHO_Logo_Students.jpg Graphic file (type jpg)
 <use FHO_Logo_Students.jpg>
Package pdftex.def Info: FHO_Logo_Students.jpg used on input line 205.
(pdftex.def)             Requested size: 56.9039pt x 47.60461pt.


Package Fancyhdr Warning: \headheight is too small (42.67912pt): 
 Make it at least 51.68465pt.
 We now make it that large for the rest of the document.
 This may cause the page layout to be inconsistent, however.

[10]
File: FHO_Logo_Students.jpg Graphic file (type jpg)
 <use FHO_Logo_Students.jpg>
Package pdftex.def Info: FHO_Logo_Students.jpg used on input line 223.
(pdftex.def)             Requested size: 56.9039pt x 47.60461pt.


Package Fancyhdr Warning: \headheight is too small (42.67912pt): 
 Make it at least 51.68465pt.
 We now make it that large for the rest of the document.
 This may cause the page layout to be inconsistent, however.

[11]
("C:\Users\cchet\Documents\Git Repositories\Github\FH-Hagenberg\Java\Semester 4
\20150425_hands_on_3\eclipse\HammingList\src\main\java\at\fhooe\swe4\lab3\stat\
api\StatisticsProvider.java")
File: FHO_Logo_Students.jpg Graphic file (type jpg)
 <use FHO_Logo_Students.jpg>
Package pdftex.def Info: FHO_Logo_Students.jpg used on input line 230.
(pdftex.def)             Requested size: 56.9039pt x 47.60461pt.


Package Fancyhdr Warning: \headheight is too small (42.67912pt): 
 Make it at least 51.68465pt.
 We now make it that large for the rest of the document.
 This may cause the page layout to be inconsistent, however.

[12]
("C:\Users\cchet\Documents\Git Repositories\Github\FH-Hagenberg\Java\Semester 4
\20150425_hands_on_3\eclipse\HammingList\src\main\java\at\fhooe\swe4\lab3\stat\
StatisticContext.java"
File: FHO_Logo_Students.jpg Graphic file (type jpg)
 <use FHO_Logo_Students.jpg>
Package pdftex.def Info: FHO_Logo_Students.jpg used on input line 61.
(pdftex.def)             Requested size: 56.9039pt x 47.60461pt.


Package Fancyhdr Warning: \headheight is too small (42.67912pt): 
 Make it at least 51.68465pt.
 We now make it that large for the rest of the document.
 This may cause the page layout to be inconsistent, however.

[13]
Underfull \vbox (badness 10000) has occurred while \output is active []

File: FHO_Logo_Students.jpg Graphic file (type jpg)

<use FHO_Logo_Students.jpg>
Package pdftex.def Info: FHO_Logo_Students.jpg used on input line 124.
(pdftex.def)             Requested size: 56.9039pt x 47.60461pt.


Package Fancyhdr Warning: \headheight is too small (42.67912pt): 
 Make it at least 51.68465pt.
 We now make it that large for the rest of the document.
 This may cause the page layout to be inconsistent, however.

[14]
Underfull \vbox (badness 10000) has occurred while \output is active []

File: FHO_Logo_Students.jpg Graphic file (type jpg)

<use FHO_Logo_Students.jpg>
Package pdftex.def Info: FHO_Logo_Students.jpg used on input line 186.
(pdftex.def)             Requested size: 56.9039pt x 47.60461pt.


Package Fancyhdr Warning: \headheight is too small (42.67912pt): 
 Make it at least 51.68465pt.
 We now make it that large for the rest of the document.
 This may cause the page layout to be inconsistent, however.

[15])
("C:\Users\cchet\Documents\Git Repositories\Github\FH-Hagenberg\Java\Semester 4
\20150425_hands_on_3\eclipse\HammingList\src\main\java\at\fhooe\swe4\lab3\stat\
CodeStatistics.java"
File: FHO_Logo_Students.jpg Graphic file (type jpg)
 <use FHO_Logo_Students.jpg>
Package pdftex.def Info: FHO_Logo_Students.jpg used on input line 10.
(pdftex.def)             Requested size: 56.9039pt x 47.60461pt.


Package Fancyhdr Warning: \headheight is too small (42.67912pt): 
 Make it at least 51.68465pt.
 We now make it that large for the rest of the document.
 This may cause the page layout to be inconsistent, however.

[16]
Underfull \vbox (badness 10000) has occurred while \output is active []

File: FHO_Logo_Students.jpg Graphic file (type jpg)

<use FHO_Logo_Students.jpg>
Package pdftex.def Info: FHO_Logo_Students.jpg used on input line 72.
(pdftex.def)             Requested size: 56.9039pt x 47.60461pt.


Package Fancyhdr Warning: \headheight is too small (42.67912pt): 
 Make it at least 51.68465pt.
 We now make it that large for the rest of the document.
 This may cause the page layout to be inconsistent, however.

[17])
("C:\Users\cchet\Documents\Git Repositories\Github\FH-Hagenberg\Java\Semester 4
\20150425_hands_on_3\eclipse\HammingList\src\main\java\at\fhooe\swe4\lab3\stat\
DefaultStatisticsProviderImpl.java"
File: FHO_Logo_Students.jpg Graphic file (type jpg)
 <use FHO_Logo_Students.jpg>
Package pdftex.def Info: FHO_Logo_Students.jpg used on input line 12.
(pdftex.def)             Requested size: 56.9039pt x 47.60461pt.


Package Fancyhdr Warning: \headheight is too small (42.67912pt): 
 Make it at least 51.68465pt.
 We now make it that large for the rest of the document.
 This may cause the page layout to be inconsistent, however.

[18]
Underfull \vbox (badness 10000) has occurred while \output is active []

File: FHO_Logo_Students.jpg Graphic file (type jpg)

<use FHO_Logo_Students.jpg>
Package pdftex.def Info: FHO_Logo_Students.jpg used on input line 73.
(pdftex.def)             Requested size: 56.9039pt x 47.60461pt.


Package Fancyhdr Warning: \headheight is too small (42.67912pt): 
 Make it at least 51.68465pt.
 We now make it that large for the rest of the document.
 This may cause the page layout to be inconsistent, however.

[19])
File: FHO_Logo_Students.jpg Graphic file (type jpg)
 <use FHO_Logo_Students.jpg>
Package pdftex.def Info: FHO_Logo_Students.jpg used on input line 240.
(pdftex.def)             Requested size: 56.9039pt x 47.60461pt.


Package Fancyhdr Warning: \headheight is too small (42.67912pt): 
 Make it at least 51.68465pt.
 We now make it that large for the rest of the document.
 This may cause the page layout to be inconsistent, however.

[20]
File: FHO_Logo_Students.jpg Graphic file (type jpg)
 <use FHO_Logo_Students.jpg>
Package pdftex.def Info: FHO_Logo_Students.jpg used on input line 250.
(pdftex.def)             Requested size: 56.9039pt x 47.60461pt.


Package Fancyhdr Warning: \headheight is too small (42.67912pt): 
 Make it at least 51.68465pt.
 We now make it that large for the rest of the document.
 This may cause the page layout to be inconsistent, however.

[21]
("C:\Users\cchet\Documents\Git Repositories\Github\FH-Hagenberg\Java\Semester 4
\20150425_hands_on_3\eclipse\HammingList\src\main\java\at\fhooe\swe4\lab3\sort\
api\Heap.java"
File: FHO_Logo_Students.jpg Graphic file (type jpg)
 <use FHO_Logo_Students.jpg>
Package pdftex.def Info: FHO_Logo_Students.jpg used on input line 59.
(pdftex.def)             Requested size: 56.9039pt x 47.60461pt.


Package Fancyhdr Warning: \headheight is too small (42.67912pt): 
 Make it at least 51.68465pt.
 We now make it that large for the rest of the document.
 This may cause the page layout to be inconsistent, however.

[22]
Underfull \vbox (badness 10000) has occurred while \output is active []

File: FHO_Logo_Students.jpg Graphic file (type jpg)

<use FHO_Logo_Students.jpg>
Package pdftex.def Info: FHO_Logo_Students.jpg used on input line 122.
(pdftex.def)             Requested size: 56.9039pt x 47.60461pt.


Package Fancyhdr Warning: \headheight is too small (42.67912pt): 
 Make it at least 51.68465pt.
 We now make it that large for the rest of the document.
 This may cause the page layout to be inconsistent, however.

[23])
("C:\Users\cchet\Documents\Git Repositories\Github\FH-Hagenberg\Java\Semester 4
\20150425_hands_on_3\eclipse\HammingList\src\main\java\at\fhooe\swe4\lab3\sort\
heap\impl\HeapArrayListImpl.java"
File: FHO_Logo_Students.jpg Graphic file (type jpg)
 <use FHO_Logo_Students.jpg>
Package pdftex.def Info: FHO_Logo_Students.jpg used on input line 52.
(pdftex.def)             Requested size: 56.9039pt x 47.60461pt.


Package Fancyhdr Warning: \headheight is too small (42.67912pt): 
 Make it at least 51.68465pt.
 We now make it that large for the rest of the document.
 This may cause the page layout to be inconsistent, however.

[24]
Underfull \vbox (badness 10000) has occurred while \output is active []

File: FHO_Logo_Students.jpg Graphic file (type jpg)

<use FHO_Logo_Students.jpg>
Package pdftex.def Info: FHO_Logo_Students.jpg used on input line 111.
(pdftex.def)             Requested size: 56.9039pt x 47.60461pt.


Package Fancyhdr Warning: \headheight is too small (42.67912pt): 
 Make it at least 51.68465pt.
 We now make it that large for the rest of the document.
 This may cause the page layout to be inconsistent, however.

[25]
Underfull \vbox (badness 10000) has occurred while \output is active []

File: FHO_Logo_Students.jpg Graphic file (type jpg)

<use FHO_Logo_Students.jpg>
Package pdftex.def Info: FHO_Logo_Students.jpg used on input line 173.
(pdftex.def)             Requested size: 56.9039pt x 47.60461pt.


Package Fancyhdr Warning: \headheight is too small (42.67912pt): 
 Make it at least 51.68465pt.
 We now make it that large for the rest of the document.
 This may cause the page layout to be inconsistent, however.

[26]
Underfull \vbox (badness 10000) has occurred while \output is active []

File: FHO_Logo_Students.jpg Graphic file (type jpg)

<use FHO_Logo_Students.jpg>
Package pdftex.def Info: FHO_Logo_Students.jpg used on input line 234.
(pdftex.def)             Requested size: 56.9039pt x 47.60461pt.


Package Fancyhdr Warning: \headheight is too small (42.67912pt): 
 Make it at least 51.68465pt.
 We now make it that large for the rest of the document.
 This may cause the page layout to be inconsistent, however.

[27])
("C:\Users\cchet\Documents\Git Repositories\Github\FH-Hagenberg\Java\Semester 4
\20150425_hands_on_3\eclipse\HammingList\src\main\java\at\fhooe\swe4\lab3\sort\
heap\impl\HeapSorter.java"
File: FHO_Logo_Students.jpg Graphic file (type jpg)
 <use FHO_Logo_Students.jpg>
Package pdftex.def Info: FHO_Logo_Students.jpg used on input line 49.
(pdftex.def)             Requested size: 56.9039pt x 47.60461pt.


Package Fancyhdr Warning: \headheight is too small (42.67912pt): 
 Make it at least 51.68465pt.
 We now make it that large for the rest of the document.
 This may cause the page layout to be inconsistent, however.

[28])
File: FHO_Logo_Students.jpg Graphic file (type jpg)
 <use FHO_Logo_Students.jpg>
Package pdftex.def Info: FHO_Logo_Students.jpg used on input line 259.
(pdftex.def)             Requested size: 56.9039pt x 47.60461pt.


Package Fancyhdr Warning: \headheight is too small (42.67912pt): 
 Make it at least 51.68465pt.
 We now make it that large for the rest of the document.
 This may cause the page layout to be inconsistent, however.

[29] <images/tests_heap_junit.JPG, id=1488, 1230.84843pt x 205.5178pt>
File: images/tests_heap_junit.JPG Graphic file (type jpg)

<use images/tests_heap_junit.JPG>
Package pdftex.def Info: images/tests_heap_junit.JPG used on input line 266.
(pdftex.def)             Requested size: 483.69687pt x 80.76312pt.
File: FHO_Logo_Students.jpg Graphic file (type jpg)
 <use FHO_Logo_Students.jpg>
Package pdftex.def Info: FHO_Logo_Students.jpg used on input line 270.
(pdftex.def)             Requested size: 56.9039pt x 47.60461pt.


Package Fancyhdr Warning: \headheight is too small (42.67912pt): 
 Make it at least 51.68465pt.
 We now make it that large for the rest of the document.
 This may cause the page layout to be inconsistent, however.

[30 <C:/Users/cchet/Documents/Git Repositories/Github/FH-Hagenberg/Java/Semeste
r 4/20150425_hands_on_3/eclipse/HammingList/doc/images/tests_heap_junit.JPG>]
<images/tests_heap_console_1.JPG, id=1495, 509.65407pt x 610.53094pt>
File: images/tests_heap_console_1.JPG Graphic file (type jpg)

<use images/tests_heap_console_1.JPG>
Package pdftex.def Info: images/tests_heap_console_1.JPG used on input line 273
.
(pdftex.def)             Requested size: 407.7238pt x 488.42542pt.
File: FHO_Logo_Students.jpg Graphic file (type jpg)
 <use FHO_Logo_Students.jpg>
Package pdftex.def Info: FHO_Logo_Students.jpg used on input line 277.
(pdftex.def)             Requested size: 56.9039pt x 47.60461pt.


Package Fancyhdr Warning: \headheight is too small (42.67912pt): 
 Make it at least 51.68465pt.
 We now make it that large for the rest of the document.
 This may cause the page layout to be inconsistent, however.

[31 <C:/Users/cchet/Documents/Git Repositories/Github/FH-Hagenberg/Java/Semeste
r 4/20150425_hands_on_3/eclipse/HammingList/doc/images/tests_heap_console_1.JPG
>] <images/tests_heap_console_2.JPG, id=1503, 506.6428pt x 536.75531pt>
File: images/tests_heap_console_2.JPG Graphic file (type jpg)

<use images/tests_heap_console_2.JPG>
Package pdftex.def Info: images/tests_heap_console_2.JPG used on input line 280
.
(pdftex.def)             Requested size: 405.31479pt x 429.40482pt.
File: FHO_Logo_Students.jpg Graphic file (type jpg)
 <use FHO_Logo_Students.jpg>
Package pdftex.def Info: FHO_Logo_Students.jpg used on input line 284.
(pdftex.def)             Requested size: 56.9039pt x 47.60461pt.


Package Fancyhdr Warning: \headheight is too small (42.67912pt): 
 Make it at least 51.68465pt.
 We now make it that large for the rest of the document.
 This may cause the page layout to be inconsistent, however.

[32 <C:/Users/cchet/Documents/Git Repositories/Github/FH-Hagenberg/Java/Semeste
r 4/20150425_hands_on_3/eclipse/HammingList/doc/images/tests_heap_console_2.JPG
>] <images/tests_heap_console_3.JPG, id=1510, 499.11469pt x 256.70906pt>
File: images/tests_heap_console_3.JPG Graphic file (type jpg)

<use images/tests_heap_console_3.JPG>
Package pdftex.def Info: images/tests_heap_console_3.JPG used on input line 287
.
(pdftex.def)             Requested size: 399.29228pt x 205.36751pt.
File: FHO_Logo_Students.jpg Graphic file (type jpg)
 <use FHO_Logo_Students.jpg>
Package pdftex.def Info: FHO_Logo_Students.jpg used on input line 291.
(pdftex.def)             Requested size: 56.9039pt x 47.60461pt.


Package Fancyhdr Warning: \headheight is too small (42.67912pt): 
 Make it at least 51.68465pt.
 We now make it that large for the rest of the document.
 This may cause the page layout to be inconsistent, however.

[33 <C:/Users/cchet/Documents/Git Repositories/Github/FH-Hagenberg/Java/Semeste
r 4/20150425_hands_on_3/eclipse/HammingList/doc/images/tests_heap_console_3.JPG
>] <images/tests_heap_console_4.JPG, id=1517, 508.14844pt x 607.51968pt>
File: images/tests_heap_console_4.JPG Graphic file (type jpg)

<use images/tests_heap_console_4.JPG>
Package pdftex.def Info: images/tests_heap_console_4.JPG used on input line 294
.
(pdftex.def)             Requested size: 406.51929pt x 486.0164pt.
File: FHO_Logo_Students.jpg Graphic file (type jpg)
 <use FHO_Logo_Students.jpg>
Package pdftex.def Info: FHO_Logo_Students.jpg used on input line 298.
(pdftex.def)             Requested size: 56.9039pt x 47.60461pt.


Package Fancyhdr Warning: \headheight is too small (42.67912pt): 
 Make it at least 51.68465pt.
 We now make it that large for the rest of the document.
 This may cause the page layout to be inconsistent, however.

[34 <C:/Users/cchet/Documents/Git Repositories/Github/FH-Hagenberg/Java/Semeste
r 4/20150425_hands_on_3/eclipse/HammingList/doc/images/tests_heap_console_4.JPG
>] <images/tests_heap_console_5.JPG, id=1524, 502.12593pt x 532.23843pt>
File: images/tests_heap_console_5.JPG Graphic file (type jpg)

<use images/tests_heap_console_5.JPG>
Package pdftex.def Info: images/tests_heap_console_5.JPG used on input line 301
.
(pdftex.def)             Requested size: 401.7013pt x 425.79132pt.
File: FHO_Logo_Students.jpg Graphic file (type jpg)
 <use FHO_Logo_Students.jpg>
Package pdftex.def Info: FHO_Logo_Students.jpg used on input line 305.
(pdftex.def)             Requested size: 56.9039pt x 47.60461pt.


Package Fancyhdr Warning: \headheight is too small (42.67912pt): 
 Make it at least 51.68465pt.
 We now make it that large for the rest of the document.
 This may cause the page layout to be inconsistent, however.

[35 <C:/Users/cchet/Documents/Git Repositories/Github/FH-Hagenberg/Java/Semeste
r 4/20150425_hands_on_3/eclipse/HammingList/doc/images/tests_heap_console_5.JPG
>] <images/tests_heap_console_6.JPG, id=1531, 502.12593pt x 250.68657pt>
File: images/tests_heap_console_6.JPG Graphic file (type jpg)

<use images/tests_heap_console_6.JPG>
Package pdftex.def Info: images/tests_heap_console_6.JPG used on input line 308
.
(pdftex.def)             Requested size: 401.7013pt x 200.54951pt.

<images/tests_heap_console_7.JPG, id=1532, 500.62032pt x 232.61906pt>
File: images/tests_heap_console_7.JPG Graphic file (type jpg)

<use images/tests_heap_console_7.JPG>
Package pdftex.def Info: images/tests_heap_console_7.JPG used on input line 314
.
(pdftex.def)             Requested size: 400.4968pt x 186.09549pt.
File: FHO_Logo_Students.jpg Graphic file (type jpg)
 <use FHO_Logo_Students.jpg>
Package pdftex.def Info: FHO_Logo_Students.jpg used on input line 323.
(pdftex.def)             Requested size: 56.9039pt x 47.60461pt.


Package Fancyhdr Warning: \headheight is too small (42.67912pt): 
 Make it at least 51.68465pt.
 We now make it that large for the rest of the document.
 This may cause the page layout to be inconsistent, however.

[36 <C:/Users/cchet/Documents/Git Repositories/Github/FH-Hagenberg/Java/Semeste
r 4/20150425_hands_on_3/eclipse/HammingList/doc/images/tests_heap_console_6.JPG
> <C:/Users/cchet/Documents/Git Repositories/Github/FH-Hagenberg/Java/Semester 
4/20150425_hands_on_3/eclipse/HammingList/doc/images/tests_heap_console_7.JPG>]
File: FHO_Logo_Students.jpg Graphic file (type jpg)
<use FHO_Logo_Students.jpg>
Package pdftex.def Info: FHO_Logo_Students.jpg used on input line 332.
(pdftex.def)             Requested size: 56.9039pt x 47.60461pt.


Package Fancyhdr Warning: \headheight is too small (42.67912pt): 
 Make it at least 51.68465pt.
 We now make it that large for the rest of the document.
 This may cause the page layout to be inconsistent, however.

[37]
("C:\Users\cchet\Documents\Git Repositories\Github\FH-Hagenberg\Java\Semester 4
\20150425_hands_on_3\eclipse\HammingList\src\main\java\at\fhooe\swe4\lab3\sort\
quick\QuickSorter.java"
File: FHO_Logo_Students.jpg Graphic file (type jpg)
 <use FHO_Logo_Students.jpg>
Package pdftex.def Info: FHO_Logo_Students.jpg used on input line 59.
(pdftex.def)             Requested size: 56.9039pt x 47.60461pt.


Package Fancyhdr Warning: \headheight is too small (42.67912pt): 
 Make it at least 51.68465pt.
 We now make it that large for the rest of the document.
 This may cause the page layout to be inconsistent, however.

[38])
File: FHO_Logo_Students.jpg Graphic file (type jpg)
 <use FHO_Logo_Students.jpg>
Package pdftex.def Info: FHO_Logo_Students.jpg used on input line 339.
(pdftex.def)             Requested size: 56.9039pt x 47.60461pt.


Package Fancyhdr Warning: \headheight is too small (42.67912pt): 
 Make it at least 51.68465pt.
 We now make it that large for the rest of the document.
 This may cause the page layout to be inconsistent, however.

[39] <images/tests_quick_junit.JPG, id=1669, 1230.84843pt x 204.01219pt>
File: images/tests_quick_junit.JPG Graphic file (type jpg)

<use images/tests_quick_junit.JPG>
Package pdftex.def Info: images/tests_quick_junit.JPG used on input line 346.
(pdftex.def)             Requested size: 483.69687pt x 80.17146pt.
File: FHO_Logo_Students.jpg Graphic file (type jpg)
 <use FHO_Logo_Students.jpg>
Package pdftex.def Info: FHO_Logo_Students.jpg used on input line 350.
(pdftex.def)             Requested size: 56.9039pt x 47.60461pt.


Package Fancyhdr Warning: \headheight is too small (42.67912pt): 
 Make it at least 51.68465pt.
 We now make it that large for the rest of the document.
 This may cause the page layout to be inconsistent, however.

[40 <C:/Users/cchet/Documents/Git Repositories/Github/FH-Hagenberg/Java/Semeste
r 4/20150425_hands_on_3/eclipse/HammingList/doc/images/tests_quick_junit.JPG>]
<images/tests_quick_console_1.JPG, id=1676, 502.12593pt x 453.94594pt>
File: images/tests_quick_console_1.JPG Graphic file (type jpg)

<use images/tests_quick_console_1.JPG>
Package pdftex.def Info: images/tests_quick_console_1.JPG used on input line 35
3.
(pdftex.def)             Requested size: 401.7013pt x 363.15724pt.
File: FHO_Logo_Students.jpg Graphic file (type jpg)
 <use FHO_Logo_Students.jpg>
Package pdftex.def Info: FHO_Logo_Students.jpg used on input line 357.
(pdftex.def)             Requested size: 56.9039pt x 47.60461pt.


Package Fancyhdr Warning: \headheight is too small (42.67912pt): 
 Make it at least 51.68465pt.
 We now make it that large for the rest of the document.
 This may cause the page layout to be inconsistent, however.

[41 <C:/Users/cchet/Documents/Git Repositories/Github/FH-Hagenberg/Java/Semeste
r 4/20150425_hands_on_3/eclipse/HammingList/doc/images/tests_quick_console_1.JP
G>] <images/tests_quick_console_2.JPG, id=1683, 506.6428pt x 377.15906pt>
File: images/tests_quick_console_2.JPG Graphic file (type jpg)

<use images/tests_quick_console_2.JPG>
Package pdftex.def Info: images/tests_quick_console_2.JPG used on input line 36
0.
(pdftex.def)             Requested size: 405.31479pt x 301.72766pt.
File: FHO_Logo_Students.jpg Graphic file (type jpg)
 <use FHO_Logo_Students.jpg>
Package pdftex.def Info: FHO_Logo_Students.jpg used on input line 364.
(pdftex.def)             Requested size: 56.9039pt x 47.60461pt.


Package Fancyhdr Warning: \headheight is too small (42.67912pt): 
 Make it at least 51.68465pt.
 We now make it that large for the rest of the document.
 This may cause the page layout to be inconsistent, however.

[42 <C:/Users/cchet/Documents/Git Repositories/Github/FH-Hagenberg/Java/Semeste
r 4/20150425_hands_on_3/eclipse/HammingList/doc/images/tests_quick_console_2.JP
G>] <images/tests_quick_console_3.JPG, id=1690, 503.63156pt x 197.98969pt>
File: images/tests_quick_console_3.JPG Graphic file (type jpg)

<use images/tests_quick_console_3.JPG>
Package pdftex.def Info: images/tests_quick_console_3.JPG used on input line 36
7.
(pdftex.def)             Requested size: 402.90579pt x 158.39195pt.
File: FHO_Logo_Students.jpg Graphic file (type jpg)
 <use FHO_Logo_Students.jpg>
Package pdftex.def Info: FHO_Logo_Students.jpg used on input line 371.
(pdftex.def)             Requested size: 56.9039pt x 47.60461pt.


Package Fancyhdr Warning: \headheight is too small (42.67912pt): 
 Make it at least 51.68465pt.
 We now make it that large for the rest of the document.
 This may cause the page layout to be inconsistent, however.

[43 <C:/Users/cchet/Documents/Git Repositories/Github/FH-Hagenberg/Java/Semeste
r 4/20150425_hands_on_3/eclipse/HammingList/doc/images/tests_quick_console_3.JP
G>] <images/tests_quick_console_4.JPG, id=1698, 505.13719pt x 458.46281pt>
File: images/tests_quick_console_4.JPG Graphic file (type jpg)

<use images/tests_quick_console_4.JPG>
Package pdftex.def Info: images/tests_quick_console_4.JPG used on input line 37
4.
(pdftex.def)             Requested size: 404.1103pt x 366.77074pt.
File: FHO_Logo_Students.jpg Graphic file (type jpg)
 <use FHO_Logo_Students.jpg>
Package pdftex.def Info: FHO_Logo_Students.jpg used on input line 378.
(pdftex.def)             Requested size: 56.9039pt x 47.60461pt.


Package Fancyhdr Warning: \headheight is too small (42.67912pt): 
 Make it at least 51.68465pt.
 We now make it that large for the rest of the document.
 This may cause the page layout to be inconsistent, however.

[44 <C:/Users/cchet/Documents/Git Repositories/Github/FH-Hagenberg/Java/Semeste
r 4/20150425_hands_on_3/eclipse/HammingList/doc/images/tests_quick_console_4.JP
G>] <images/tests_quick_console_5.JPG, id=1705, 506.6428pt x 378.66469pt>
File: images/tests_quick_console_5.JPG Graphic file (type jpg)

<use images/tests_quick_console_5.JPG>
Package pdftex.def Info: images/tests_quick_console_5.JPG used on input line 38
1.
(pdftex.def)             Requested size: 405.31479pt x 302.93216pt.
File: FHO_Logo_Students.jpg Graphic file (type jpg)
 <use FHO_Logo_Students.jpg>
Package pdftex.def Info: FHO_Logo_Students.jpg used on input line 385.
(pdftex.def)             Requested size: 56.9039pt x 47.60461pt.


Package Fancyhdr Warning: \headheight is too small (42.67912pt): 
 Make it at least 51.68465pt.
 We now make it that large for the rest of the document.
 This may cause the page layout to be inconsistent, however.

[45 <C:/Users/cchet/Documents/Git Repositories/Github/FH-Hagenberg/Java/Semeste
r 4/20150425_hands_on_3/eclipse/HammingList/doc/images/tests_quick_console_5.JP
G>] <images/tests_quick_console_6.JPG, id=1712, 506.6428pt x 199.49532pt>
File: images/tests_quick_console_6.JPG Graphic file (type jpg)

<use images/tests_quick_console_6.JPG>
Package pdftex.def Info: images/tests_quick_console_6.JPG used on input line 38
8.
(pdftex.def)             Requested size: 405.31479pt x 159.59645pt.
File: FHO_Logo_Students.jpg Graphic file (type jpg)
 <use FHO_Logo_Students.jpg>
Package pdftex.def Info: FHO_Logo_Students.jpg used on input line 392.
(pdftex.def)             Requested size: 56.9039pt x 47.60461pt.


Package Fancyhdr Warning: \headheight is too small (42.67912pt): 
 Make it at least 51.68465pt.
 We now make it that large for the rest of the document.
 This may cause the page layout to be inconsistent, however.

[46 <C:/Users/cchet/Documents/Git Repositories/Github/FH-Hagenberg/Java/Semeste
r 4/20150425_hands_on_3/eclipse/HammingList/doc/images/tests_quick_console_6.JP
G>] <images/tests_quick_console_7.JPG, id=1719, 500.62032pt x 414.79968pt>
File: images/tests_quick_console_7.JPG Graphic file (type jpg)

<use images/tests_quick_console_7.JPG>
Package pdftex.def Info: images/tests_quick_console_7.JPG used on input line 39
5.
(pdftex.def)             Requested size: 400.4968pt x 331.8402pt.
File: FHO_Logo_Students.jpg Graphic file (type jpg)
 <use FHO_Logo_Students.jpg>
Package pdftex.def Info: FHO_Logo_Students.jpg used on input line 403.
(pdftex.def)             Requested size: 56.9039pt x 47.60461pt.


Package Fancyhdr Warning: \headheight is too small (42.67912pt): 
 Make it at least 51.68465pt.
 We now make it that large for the rest of the document.
 This may cause the page layout to be inconsistent, however.

[47 <C:/Users/cchet/Documents/Git Repositories/Github/FH-Hagenberg/Java/Semeste
r 4/20150425_hands_on_3/eclipse/HammingList/doc/images/tests_quick_console_7.JP
G>] <images/tests_heap_console_8.JPG, id=1726, 286.82156pt x 331.99031pt>
File: images/tests_heap_console_8.JPG Graphic file (type jpg)

<use images/tests_heap_console_8.JPG>
Package pdftex.def Info: images/tests_heap_console_8.JPG used on input line 414
.
(pdftex.def)             Requested size: 200.77371pt x 232.39162pt.

<images/tests_quick_console_8.JPG, id=1727, 285.31593pt x 338.01282pt>
File: images/tests_quick_console_8.JPG Graphic file (type jpg)

<use images/tests_quick_console_8.JPG>
Package pdftex.def Info: images/tests_quick_console_8.JPG used on input line 42
0.
(pdftex.def)             Requested size: 199.71979pt x 236.60735pt.
 
AED: lastpage setting LastPage
File: FHO_Logo_Students.jpg Graphic file (type jpg)
<use FHO_Logo_Students.jpg>
Package pdftex.def Info: FHO_Logo_Students.jpg used on input line 426.
(pdftex.def)             Requested size: 56.9039pt x 47.60461pt.


Package Fancyhdr Warning: \headheight is too small (42.67912pt): 
 Make it at least 51.68465pt.
 We now make it that large for the rest of the document.
 This may cause the page layout to be inconsistent, however.

[48 <C:/Users/cchet/Documents/Git Repositories/Github/FH-Hagenberg/Java/Semeste
r 4/20150425_hands_on_3/eclipse/HammingList/doc/images/tests_heap_console_8.JPG
> <C:/Users/cchet/Documents/Git Repositories/Github/FH-Hagenberg/Java/Semester 
4/20150425_hands_on_3/eclipse/HammingList/doc/images/tests_quick_console_8.JPG>
]
Package atveryend Info: Empty hook `BeforeClearDocument' on input line 426.
Package atveryend Info: Empty hook `AfterLastShipout' on input line 426.

("C:\Users\cchet\Documents\Git Repositories\Github\FH-Hagenberg\Java\Semester 4
\20150425_hands_on_3\eclipse\HammingList\doc\Documentation.aux")
Package atveryend Info: Executing hook `AtVeryEndDocument' on input line 426.
Package atveryend Info: Executing hook `AtEndAfterFileList' on input line 426.
Package rerunfilecheck Info: File `Documentation.out' has not changed.
(rerunfilecheck)             Checksum: 9C2C96819CBFD05A5A8DEAA05259F40C;1045.
Package atveryend Info: Empty hook `AtVeryVeryEnd' on input line 426.
 ) 
Here is how much of TeX's memory you used:
 11048 strings out of 493921
 165786 string characters out of 3144876
 497988 words of memory out of 3000000
 12757 multiletter control sequences out of 15000+200000
 8809 words of font info for 31 fonts, out of 3000000 for 9000
 841 hyphenation exceptions out of 8191
 39i,18n,48p,649b,1968s stack positions out of 5000i,500n,10000p,200000b,50000s
<C:/Program Files (x86)/MiKTeX 2.9/fonts/type1/public/amsfonts/cm/cmbx10.pfb>
<C:/Program Files (x86)/MiKTeX 2.9/fonts/type1/public/amsfonts/cm/cmbx12.pfb><C
:/Program Files (x86)/MiKTeX 2.9/fonts/type1/public/amsfonts/cm/cmmi10.pfb><C:/
Program Files (x86)/MiKTeX 2.9/fonts/type1/public/amsfonts/cm/cmmi9.pfb><C:/Pro
gram Files (x86)/MiKTeX 2.9/fonts/type1/public/amsfonts/cm/cmr10.pfb><C:/Progra
m Files (x86)/MiKTeX 2.9/fonts/type1/public/amsfonts/cm/cmr6.pfb><C:/Program Fi
les (x86)/MiKTeX 2.9/fonts/type1/public/amsfonts/cm/cmr9.pfb><C:/Program Files 
(x86)/MiKTeX 2.9/fonts/type1/public/amsfonts/cm/cmsy10.pfb><C:/Program Files (x
86)/MiKTeX 2.9/fonts/type1/public/amsfonts/cm/cmsy9.pfb>
Output written on Documentation.pdf (48 pages, 2974684 bytes).
PDF statistics:
 2050 PDF objects out of 2073 (max. 8388607)
 1401 named destinations out of 1440 (max. 500000)
 264 words of extra memory for PDF output out of 10000 (max. 10000000)

