\BOOKMARK [1][-]{section.1}{Campina as a Service}{}% 1
\BOOKMARK [2][-]{subsection.1.1}{L\366sungsidee}{section.1}% 2
\BOOKMARK [3][-]{subsubsection.1.1.1}{RMI Server}{subsection.1.1}% 3
\BOOKMARK [3][-]{subsubsection.1.1.2}{DAOs}{subsection.1.1}% 4
\BOOKMARK [3][-]{subsubsection.1.1.3}{UI}{subsection.1.1}% 5
\BOOKMARK [3][-]{subsubsection.1.1.4}{JUnit Tests}{subsection.1.1}% 6
\BOOKMARK [2][-]{subsection.1.2}{Source swe-campina-data-model-api}{section.1}% 7
\BOOKMARK [3][-]{subsubsection.1.2.1}{AbstractEntity.java}{subsection.1.2}% 8
\BOOKMARK [3][-]{subsubsection.1.2.2}{ConnectionManager.java}{subsection.1.2}% 9
\BOOKMARK [3][-]{subsubsection.1.2.3}{EntityManager.java}{subsection.1.2}% 10
\BOOKMARK [3][-]{subsubsection.1.2.4}{User.java}{subsection.1.2}% 11
\BOOKMARK [3][-]{subsubsection.1.2.5}{Menu.java}{subsection.1.2}% 12
\BOOKMARK [3][-]{subsubsection.1.2.6}{MenuEntry.java}{subsection.1.2}% 13
\BOOKMARK [3][-]{subsubsection.1.2.7}{Order.java}{subsection.1.2}% 14
\BOOKMARK [2][-]{subsection.1.3}{Source swe-campina-data-model-impl}{section.1}% 15
\BOOKMARK [3][-]{subsubsection.1.3.1}{ConnectionManagerImpl.java}{subsection.1.3}% 16
\BOOKMARK [3][-]{subsubsection.1.3.2}{DbConfigParam.java}{subsection.1.3}% 17
\BOOKMARK [3][-]{subsubsection.1.3.3}{EntityManagerImpl.java}{subsection.1.3}% 18
\BOOKMARK [3][-]{subsubsection.1.3.4}{create-campina-schema.sql}{subsection.1.3}% 19
\BOOKMARK [3][-]{subsubsection.1.3.5}{db-config.properties}{subsection.1.3}% 20
\BOOKMARK [2][-]{subsection.1.4}{Source swe-campina-dao-api}{section.1}% 21
\BOOKMARK [3][-]{subsubsection.1.4.1}{AbstractRemoteDao.java}{subsection.1.4}% 22
\BOOKMARK [3][-]{subsubsection.1.4.2}{RemoteDao.java}{subsection.1.4}% 23
\BOOKMARK [3][-]{subsubsection.1.4.3}{UserDao.java}{subsection.1.4}% 24
\BOOKMARK [3][-]{subsubsection.1.4.4}{MenuDao.java}{subsection.1.4}% 25
\BOOKMARK [3][-]{subsubsection.1.4.5}{MenuEntryDao.java}{subsection.1.4}% 26
\BOOKMARK [3][-]{subsubsection.1.4.6}{OrderDao.java}{subsection.1.4}% 27
\BOOKMARK [3][-]{subsubsection.1.4.7}{EmailAlreadyUsedException.java}{subsection.1.4}% 28
\BOOKMARK [3][-]{subsubsection.1.4.8}{UsernameAlreadyUsedException.java}{subsection.1.4}% 29
\BOOKMARK [2][-]{subsection.1.5}{Source swe-campina-dao-impl}{section.1}% 30
\BOOKMARK [3][-]{subsubsection.1.5.1}{UserDaoImpl.java}{subsection.1.5}% 31
\BOOKMARK [3][-]{subsubsection.1.5.2}{MenuDaoImpl.java}{subsection.1.5}% 32
\BOOKMARK [3][-]{subsubsection.1.5.3}{MenuEntryDaoImpl.java}{subsection.1.5}% 33
\BOOKMARK [3][-]{subsubsection.1.5.4}{OrderDaoImpl.java}{subsection.1.5}% 34
\BOOKMARK [3][-]{subsubsection.1.5.5}{AbstractDaoTest.java}{subsection.1.5}% 35
\BOOKMARK [3][-]{subsubsection.1.5.6}{RemoteDetailMatcher.java}{subsection.1.5}% 36
\BOOKMARK [3][-]{subsubsection.1.5.7}{RemoteExceptionLogger.java}{subsection.1.5}% 37
\BOOKMARK [3][-]{subsubsection.1.5.8}{UserDaoTest.java}{subsection.1.5}% 38
\BOOKMARK [3][-]{subsubsection.1.5.9}{MenuDaoTest.java}{subsection.1.5}% 39
\BOOKMARK [3][-]{subsubsection.1.5.10}{MenuEntryDaoTest.java}{subsection.1.5}% 40
\BOOKMARK [3][-]{subsubsection.1.5.11}{OrderDaoTest.java}{subsection.1.5}% 41
\BOOKMARK [2][-]{subsection.1.6}{Source swe-campina-rmi-api}{section.1}% 42
\BOOKMARK [3][-]{subsubsection.1.6.1}{RmiServer.java}{subsection.1.6}% 43
\BOOKMARK [3][-]{subsubsection.1.6.2}{RmiDaoFactory.java}{subsection.1.6}% 44
\BOOKMARK [2][-]{subsection.1.7}{Source swe-campina-rmi-impl}{section.1}% 45
\BOOKMARK [3][-]{subsubsection.1.7.1}{RmiServerImpl.java}{subsection.1.7}% 46
\BOOKMARK [3][-]{subsubsection.1.7.2}{RmiDaoFactoryImpl.java}{subsection.1.7}% 47
\BOOKMARK [3][-]{subsubsection.1.7.3}{MainServer.java}{subsection.1.7}% 48
\BOOKMARK [3][-]{subsubsection.1.7.4}{log4j.properties}{subsection.1.7}% 49
\BOOKMARK [2][-]{subsection.1.8}{Source swe-campina-fx}{section.1}% 50
\BOOKMARK [3][-]{subsubsection.1.8.1}{UserEventControl.java}{subsection.1.8}% 51
\BOOKMARK [3][-]{subsubsection.1.8.2}{MenuEventControl.java}{subsection.1.8}% 52
\BOOKMARK [3][-]{subsubsection.1.8.3}{MenuEntryEventControl.java}{subsection.1.8}% 53
\BOOKMARK [3][-]{subsubsection.1.8.4}{MainFX.java}{subsection.1.8}% 54
\BOOKMARK [2][-]{subsection.1.9}{Test swe-campina-dao-impl}{section.1}% 55
