\BOOKMARK [1][-]{section.1}{Verschiebe Puzzle A*-Algorithmus}{}% 1
\BOOKMARK [2][-]{subsection.1.1}{L\366sungsidee}{section.1}% 2
\BOOKMARK [3][-]{subsubsection.1.1.1}{Maven Projekt}{subsection.1.1}% 3
\BOOKMARK [3][-]{subsubsection.1.1.2}{JUnit Tests}{subsection.1.1}% 4
\BOOKMARK [2][-]{subsection.1.2}{Source-Code}{section.1}% 5
\BOOKMARK [3][-]{subsubsection.1.2.1}{BoardListImpl.java}{subsection.1.2}% 6
\BOOKMARK [3][-]{subsubsection.1.2.2}{BoardImpl.java}{subsection.1.2}% 7
\BOOKMARK [3][-]{subsubsection.1.2.3}{SlidingPuzzle.java}{subsection.1.2}% 8
\BOOKMARK [3][-]{subsubsection.1.2.4}{Position.java}{subsection.1.2}% 9
\BOOKMARK [3][-]{subsubsection.1.2.5}{SearchNode.java}{subsection.1.2}% 10
\BOOKMARK [2][-]{subsection.1.3}{Tests}{section.1}% 11
\BOOKMARK [1][-]{section.2}{Sortieralgorithmen}{}% 12
\BOOKMARK [2][-]{subsection.2.1}{L\366sungsidee \(Allgemein\)}{section.2}% 13
\BOOKMARK [3][-]{subsubsection.2.1.1}{Source Code \(Allgemein\)}{subsection.2.1}% 14
\BOOKMARK [2][-]{subsection.2.2}{L\366sungsidee \(Statistics\)}{section.2}% 15
\BOOKMARK [3][-]{subsubsection.2.2.1}{Source Code}{subsection.2.2}% 16
\BOOKMARK [2][-]{subsection.2.3}{HeapSorter}{section.2}% 17
\BOOKMARK [3][-]{subsubsection.2.3.1}{Source Code}{subsection.2.3}% 18
\BOOKMARK [3][-]{subsubsection.2.3.2}{Tests}{subsection.2.3}% 19
\BOOKMARK [2][-]{subsection.2.4}{QuickSorter}{section.2}% 20
\BOOKMARK [3][-]{subsubsection.2.4.1}{Source Code}{subsection.2.4}% 21
\BOOKMARK [3][-]{subsubsection.2.4.2}{Tests}{subsection.2.4}% 22
\BOOKMARK [1][-]{section.3}{Zeitauswertung}{}% 23
